<?xml version="1.0" encoding="UTF-8"?>
<testsuite xmlns:xsi="http://www.w3.org/2001/XMLSchema-instance" xsi:noNamespaceSchemaLocation="https://maven.apache.org/surefire/maven-surefire-plugin/xsd/surefire-test-report-3.0.xsd" version="3.0" name="com.chatapplication.ChatApplicationTests" time="2.806" tests="1" errors="0" skipped="0" failures="0">
  <properties>
[...]
</properties>
  <testcase name="contextLoads" classname="com.chatapplication.ChatApplicationTests" time="0.955">
    <system-out><![CDATA[21:31:27.481 [main] INFO org.springframework.test.context.support.AnnotationConfigContextLoaderUtils -- Could not detect default configuration classes for test class [com.chatapplication.ChatApplicationTests]: ChatApplicationTests does not declare any static, non-private, non-final, nested classes annotated with @Configuration.
21:31:27.617 [main] INFO org.springframework.boot.test.context.SpringBootTestContextBootstrapper -- Found @SpringBootConfiguration com.chatapplication.ChatApplication for test class com.chatapplication.ChatApplicationTests

  .   ____          _            __ _ _
 /\\ / ___'_ __ _ _(_)_ __  __ _ \ \ \ \
( ( )\___ | '_ | '_| | '_ \/ _` | \ \ \ \
 \\/  ___)| |_)| | | | | || (_| |  ) ) ) )
  '  |____| .__|_| |_|_| |_\__, | / / / /
 =========|_|==============|___/=/_/_/_/
 :: Spring Boot ::                (v3.1.0)

2023-09-29T21:31:28.005+05:30  INFO 4032 --- [           main] c.chatapplication.ChatApplicationTests   : Starting ChatApplicationTests using Java 19 with PID 4032 (started by SHANILKA in C:\Users\SHANILKA\Desktop\Web Applications\chatApplication\chatApplication)
2023-09-29T21:31:28.007+05:30  INFO 4032 --- [           main] c.chatapplication.ChatApplicationTests   : No active profile set, falling back to 1 default profile: "default"
2023-09-29T21:31:28.983+05:30  INFO 4032 --- [           main] o.s.b.a.w.s.WelcomePageHandlerMapping    : Adding welcome page: class path resource [static/index.html]
2023-09-29T21:31:29.091+05:30  INFO 4032 --- [           main] o.s.m.s.b.SimpleBrokerMessageHandler     : Starting...
2023-09-29T21:31:29.093+05:30  INFO 4032 --- [           main] o.s.m.s.b.SimpleBrokerMessageHandler     : BrokerAvailabilityEvent[available=true, SimpleBrokerMessageHandler [org.springframework.messaging.simp.broker.DefaultSubscriptionRegistry@6f6c6077]]
2023-09-29T21:31:29.095+05:30  INFO 4032 --- [           main] o.s.m.s.b.SimpleBrokerMessageHandler     : Started.
2023-09-29T21:31:29.104+05:30  INFO 4032 --- [           main] c.chatapplication.ChatApplicationTests   : Started ChatApplicationTests in 1.355 seconds (process running for 2.806)
]]></system-out>
  </testcase>
</testsuite>